[2025-04-26 13:29:49] local.WARNING: Unable to optimize the application.  
[2025-04-26 13:55:00] local.ERROR: Method App\Livewire\Installations\Pages\InstallSchool::handleSchoolSaved does not exist. {"exception":"[object] (BadMethodCallException(code: 0): Method App\\Livewire\\Installations\\Pages\\InstallSchool::handleSchoolSaved does not exist. at /home/reasnovynt/Projects/apps/getwristpain/internara/vendor/livewire/livewire/src/Component.php:136)
[stacktrace]
#0 /home/reasnovynt/Projects/apps/getwristpain/internara/vendor/laravel/framework/src/Illuminate/Container/BoundMethod.php(36): Livewire\\Component->__call('handleSchoolSav...', Array)
#1 /home/reasnovynt/Projects/apps/getwristpain/internara/vendor/laravel/framework/src/Illuminate/Container/Util.php(43): Illuminate\\Container\\BoundMethod::{closure:Illuminate\\Container\\BoundMethod::call():35}()
#2 /home/reasnovynt/Projects/apps/getwristpain/internara/vendor/laravel/framework/src/Illuminate/Container/BoundMethod.php(95): Illuminate\\Container\\Util::unwrapIfClosure(Object(Closure))
#3 /home/reasnovynt/Projects/apps/getwristpain/internara/vendor/laravel/framework/src/Illuminate/Container/BoundMethod.php(35): Illuminate\\Container\\BoundMethod::callBoundMethod(Object(Illuminate\\Foundation\\Application), Array, Object(Closure))
#4 /home/reasnovynt/Projects/apps/getwristpain/internara/vendor/livewire/livewire/src/Wrapped.php(23): Illuminate\\Container\\BoundMethod::call(Object(Illuminate\\Foundation\\Application), Array, Array)
#5 /home/reasnovynt/Projects/apps/getwristpain/internara/vendor/livewire/livewire/src/Features/SupportEvents/SupportEvents.php(29): Livewire\\Wrapped->__call('handleSchoolSav...', Array)
#6 /home/reasnovynt/Projects/apps/getwristpain/internara/vendor/livewire/livewire/src/ComponentHook.php(41): Livewire\\Features\\SupportEvents\\SupportEvents->call('handleSchoolSav...', Array, Object(Closure))
#7 /home/reasnovynt/Projects/apps/getwristpain/internara/vendor/livewire/livewire/src/ComponentHookRegistry.php(110): Livewire\\ComponentHook->callCall('__dispatch', Array, Object(Closure))
#8 /home/reasnovynt/Projects/apps/getwristpain/internara/vendor/livewire/livewire/src/ComponentHookRegistry.php(65): Livewire\\ComponentHookRegistry::{closure:Livewire\\ComponentHookRegistry::proxyCallToHooks():106}('__dispatch', Array, Object(Closure))
#9 /home/reasnovynt/Projects/apps/getwristpain/internara/vendor/livewire/livewire/src/EventBus.php(60): Livewire\\ComponentHookRegistry::{closure:Livewire\\ComponentHookRegistry::boot():64}(Object(App\\Livewire\\Installations\\Pages\\InstallSchool), '__dispatch', Array, Object(Livewire\\Mechanisms\\HandleComponents\\ComponentContext), Object(Closure))
#10 /home/reasnovynt/Projects/apps/getwristpain/internara/vendor/livewire/livewire/src/helpers.php(98): Livewire\\EventBus->trigger('call', Object(App\\Livewire\\Installations\\Pages\\InstallSchool), '__dispatch', Array, Object(Livewire\\Mechanisms\\HandleComponents\\ComponentContext), Object(Closure))
#11 /home/reasnovynt/Projects/apps/getwristpain/internara/vendor/livewire/livewire/src/Mechanisms/HandleComponents/HandleComponents.php(453): Livewire\\trigger('call', Object(App\\Livewire\\Installations\\Pages\\InstallSchool), '__dispatch', Array, Object(Livewire\\Mechanisms\\HandleComponents\\ComponentContext), Object(Closure))
#12 /home/reasnovynt/Projects/apps/getwristpain/internara/vendor/livewire/livewire/src/Mechanisms/HandleComponents/HandleComponents.php(101): Livewire\\Mechanisms\\HandleComponents\\HandleComponents->callMethods(Object(App\\Livewire\\Installations\\Pages\\InstallSchool), Array, Object(Livewire\\Mechanisms\\HandleComponents\\ComponentContext))
#13 /home/reasnovynt/Projects/apps/getwristpain/internara/vendor/livewire/livewire/src/LivewireManager.php(97): Livewire\\Mechanisms\\HandleComponents\\HandleComponents->update(Array, Array, Array)
#14 /home/reasnovynt/Projects/apps/getwristpain/internara/vendor/livewire/volt/src/LivewireManager.php(35): Livewire\\LivewireManager->update(Array, Array, Array)
#15 /home/reasnovynt/Projects/apps/getwristpain/internara/vendor/livewire/livewire/src/Mechanisms/HandleRequests/HandleRequests.php(94): Livewire\\Volt\\LivewireManager->update(Array, Array, Array)
#16 /home/reasnovynt/Projects/apps/getwristpain/internara/vendor/laravel/framework/src/Illuminate/Routing/ControllerDispatcher.php(47): Livewire\\Mechanisms\\HandleRequests\\HandleRequests->handleUpdate()
#17 /home/reasnovynt/Projects/apps/getwristpain/internara/vendor/laravel/framework/src/Illuminate/Routing/Route.php(266): Illuminate\\Routing\\ControllerDispatcher->dispatch(Object(Illuminate\\Routing\\Route), Object(Livewire\\Mechanisms\\HandleRequests\\HandleRequests), 'handleUpdate')
#18 /home/reasnovynt/Projects/apps/getwristpain/internara/vendor/laravel/framework/src/Illuminate/Routing/Route.php(212): Illuminate\\Routing\\Route->runController()
#19 /home/reasnovynt/Projects/apps/getwristpain/internara/vendor/laravel/framework/src/Illuminate/Routing/Router.php(808): Illuminate\\Routing\\Route->run()
#20 /home/reasnovynt/Projects/apps/getwristpain/internara/vendor/laravel/framework/src/Illuminate/Pipeline/Pipeline.php(170): Illuminate\\Routing\\Router->{closure:Illuminate\\Routing\\Router::runRouteWithinStack():807}(Object(Illuminate\\Http\\Request))
#21 /home/reasnovynt/Projects/apps/getwristpain/internara/vendor/php-flasher/flasher-laravel/Middleware/FlasherMiddleware.php(21): Illuminate\\Pipeline\\Pipeline->{closure:Illuminate\\Pipeline\\Pipeline::prepareDestination():168}(Object(Illuminate\\Http\\Request))
#22 /home/reasnovynt/Projects/apps/getwristpain/internara/vendor/laravel/framework/src/Illuminate/Pipeline/Pipeline.php(209): Flasher\\Laravel\\Middleware\\FlasherMiddleware->handle(Object(Illuminate\\Http\\Request), Object(Closure))
#23 /home/reasnovynt/Projects/apps/getwristpain/internara/vendor/php-flasher/flasher-laravel/Middleware/SessionMiddleware.php(21): Illuminate\\Pipeline\\Pipeline->{closure:{closure:Illuminate\\Pipeline\\Pipeline::carry():184}:185}(Object(Illuminate\\Http\\Request))
#24 /home/reasnovynt/Projects/apps/getwristpain/internara/vendor/laravel/framework/src/Illuminate/Pipeline/Pipeline.php(209): Flasher\\Laravel\\Middleware\\SessionMiddleware->handle(Object(Illuminate\\Http\\Request), Object(Closure))
#25 /home/reasnovynt/Projects/apps/getwristpain/internara/app/Http/Middleware/InstallerMiddleware.php(22): Illuminate\\Pipeline\\Pipeline->{closure:{closure:Illuminate\\Pipeline\\Pipeline::carry():184}:185}(Object(Illuminate\\Http\\Request))
#26 /home/reasnovynt/Projects/apps/getwristpain/internara/vendor/laravel/framework/src/Illuminate/Pipeline/Pipeline.php(209): App\\Http\\Middleware\\InstallerMiddleware->handle(Object(Illuminate\\Http\\Request), Object(Closure))
#27 /home/reasnovynt/Projects/apps/getwristpain/internara/vendor/laravel/framework/src/Illuminate/Routing/Middleware/SubstituteBindings.php(51): Illuminate\\Pipeline\\Pipeline->{closure:{closure:Illuminate\\Pipeline\\Pipeline::carry():184}:185}(Object(Illuminate\\Http\\Request))
#28 /home/reasnovynt/Projects/apps/getwristpain/internara/vendor/laravel/framework/src/Illuminate/Pipeline/Pipeline.php(209): Illuminate\\Routing\\Middleware\\SubstituteBindings->handle(Object(Illuminate\\Http\\Request), Object(Closure))
#29 /home/reasnovynt/Projects/apps/getwristpain/internara/vendor/laravel/framework/src/Illuminate/Foundation/Http/Middleware/VerifyCsrfToken.php(88): Illuminate\\Pipeline\\Pipeline->{closure:{closure:Illuminate\\Pipeline\\Pipeline::carry():184}:185}(Object(Illuminate\\Http\\Request))
#30 /home/reasnovynt/Projects/apps/getwristpain/internara/vendor/laravel/framework/src/Illuminate/Pipeline/Pipeline.php(209): Illuminate\\Foundation\\Http\\Middleware\\VerifyCsrfToken->handle(Object(Illuminate\\Http\\Request), Object(Closure))
#31 /home/reasnovynt/Projects/apps/getwristpain/internara/vendor/laravel/framework/src/Illuminate/View/Middleware/ShareErrorsFromSession.php(49): Illuminate\\Pipeline\\Pipeline->{closure:{closure:Illuminate\\Pipeline\\Pipeline::carry():184}:185}(Object(Illuminate\\Http\\Request))
#32 /home/reasnovynt/Projects/apps/getwristpain/internara/vendor/laravel/framework/src/Illuminate/Pipeline/Pipeline.php(209): Illuminate\\View\\Middleware\\ShareErrorsFromSession->handle(Object(Illuminate\\Http\\Request), Object(Closure))
#33 /home/reasnovynt/Projects/apps/getwristpain/internara/vendor/laravel/framework/src/Illuminate/Session/Middleware/StartSession.php(121): Illuminate\\Pipeline\\Pipeline->{closure:{closure:Illuminate\\Pipeline\\Pipeline::carry():184}:185}(Object(Illuminate\\Http\\Request))
#34 /home/reasnovynt/Projects/apps/getwristpain/internara/vendor/laravel/framework/src/Illuminate/Session/Middleware/StartSession.php(64): Illuminate\\Session\\Middleware\\StartSession->handleStatefulRequest(Object(Illuminate\\Http\\Request), Object(Illuminate\\Session\\Store), Object(Closure))
#35 /home/reasnovynt/Projects/apps/getwristpain/internara/vendor/laravel/framework/src/Illuminate/Pipeline/Pipeline.php(209): Illuminate\\Session\\Middleware\\StartSession->handle(Object(Illuminate\\Http\\Request), Object(Closure))
#36 /home/reasnovynt/Projects/apps/getwristpain/internara/vendor/laravel/framework/src/Illuminate/Cookie/Middleware/AddQueuedCookiesToResponse.php(37): Illuminate\\Pipeline\\Pipeline->{closure:{closure:Illuminate\\Pipeline\\Pipeline::carry():184}:185}(Object(Illuminate\\Http\\Request))
#37 /home/reasnovynt/Projects/apps/getwristpain/internara/vendor/laravel/framework/src/Illuminate/Pipeline/Pipeline.php(209): Illuminate\\Cookie\\Middleware\\AddQueuedCookiesToResponse->handle(Object(Illuminate\\Http\\Request), Object(Closure))
#38 /home/reasnovynt/Projects/apps/getwristpain/internara/vendor/laravel/framework/src/Illuminate/Cookie/Middleware/EncryptCookies.php(75): Illuminate\\Pipeline\\Pipeline->{closure:{closure:Illuminate\\Pipeline\\Pipeline::carry():184}:185}(Object(Illuminate\\Http\\Request))
#39 /home/reasnovynt/Projects/apps/getwristpain/internara/vendor/laravel/framework/src/Illuminate/Pipeline/Pipeline.php(209): Illuminate\\Cookie\\Middleware\\EncryptCookies->handle(Object(Illuminate\\Http\\Request), Object(Closure))
#40 /home/reasnovynt/Projects/apps/getwristpain/internara/vendor/laravel/framework/src/Illuminate/Pipeline/Pipeline.php(127): Illuminate\\Pipeline\\Pipeline->{closure:{closure:Illuminate\\Pipeline\\Pipeline::carry():184}:185}(Object(Illuminate\\Http\\Request))
#41 /home/reasnovynt/Projects/apps/getwristpain/internara/vendor/laravel/framework/src/Illuminate/Routing/Router.php(807): Illuminate\\Pipeline\\Pipeline->then(Object(Closure))
#42 /home/reasnovynt/Projects/apps/getwristpain/internara/vendor/laravel/framework/src/Illuminate/Routing/Router.php(786): Illuminate\\Routing\\Router->runRouteWithinStack(Object(Illuminate\\Routing\\Route), Object(Illuminate\\Http\\Request))
#43 /home/reasnovynt/Projects/apps/getwristpain/internara/vendor/laravel/framework/src/Illuminate/Routing/Router.php(750): Illuminate\\Routing\\Router->runRoute(Object(Illuminate\\Http\\Request), Object(Illuminate\\Routing\\Route))
#44 /home/reasnovynt/Projects/apps/getwristpain/internara/vendor/laravel/framework/src/Illuminate/Routing/Router.php(739): Illuminate\\Routing\\Router->dispatchToRoute(Object(Illuminate\\Http\\Request))
#45 /home/reasnovynt/Projects/apps/getwristpain/internara/vendor/laravel/framework/src/Illuminate/Foundation/Http/Kernel.php(201): Illuminate\\Routing\\Router->dispatch(Object(Illuminate\\Http\\Request))
#46 /home/reasnovynt/Projects/apps/getwristpain/internara/vendor/laravel/framework/src/Illuminate/Pipeline/Pipeline.php(170): Illuminate\\Foundation\\Http\\Kernel->{closure:Illuminate\\Foundation\\Http\\Kernel::dispatchToRouter():198}(Object(Illuminate\\Http\\Request))
#47 /home/reasnovynt/Projects/apps/getwristpain/internara/vendor/livewire/livewire/src/Features/SupportDisablingBackButtonCache/DisableBackButtonCacheMiddleware.php(19): Illuminate\\Pipeline\\Pipeline->{closure:Illuminate\\Pipeline\\Pipeline::prepareDestination():168}(Object(Illuminate\\Http\\Request))
#48 /home/reasnovynt/Projects/apps/getwristpain/internara/vendor/laravel/framework/src/Illuminate/Pipeline/Pipeline.php(209): Livewire\\Features\\SupportDisablingBackButtonCache\\DisableBackButtonCacheMiddleware->handle(Object(Illuminate\\Http\\Request), Object(Closure))
#49 /home/reasnovynt/Projects/apps/getwristpain/internara/vendor/barryvdh/laravel-debugbar/src/Middleware/InjectDebugbar.php(66): Illuminate\\Pipeline\\Pipeline->{closure:{closure:Illuminate\\Pipeline\\Pipeline::carry():184}:185}(Object(Illuminate\\Http\\Request))
#50 /home/reasnovynt/Projects/apps/getwristpain/internara/vendor/laravel/framework/src/Illuminate/Pipeline/Pipeline.php(209): Barryvdh\\Debugbar\\Middleware\\InjectDebugbar->handle(Object(Illuminate\\Http\\Request), Object(Closure))
#51 /home/reasnovynt/Projects/apps/getwristpain/internara/vendor/laravel/framework/src/Illuminate/Foundation/Http/Middleware/ConvertEmptyStringsToNull.php(27): Illuminate\\Pipeline\\Pipeline->{closure:{closure:Illuminate\\Pipeline\\Pipeline::carry():184}:185}(Object(Illuminate\\Http\\Request))
#52 /home/reasnovynt/Projects/apps/getwristpain/internara/vendor/laravel/framework/src/Illuminate/Pipeline/Pipeline.php(209): Illuminate\\Foundation\\Http\\Middleware\\ConvertEmptyStringsToNull->handle(Object(Illuminate\\Http\\Request), Object(Closure))
#53 /home/reasnovynt/Projects/apps/getwristpain/internara/vendor/laravel/framework/src/Illuminate/Foundation/Http/Middleware/TrimStrings.php(47): Illuminate\\Pipeline\\Pipeline->{closure:{closure:Illuminate\\Pipeline\\Pipeline::carry():184}:185}(Object(Illuminate\\Http\\Request))
#54 /home/reasnovynt/Projects/apps/getwristpain/internara/vendor/laravel/framework/src/Illuminate/Pipeline/Pipeline.php(209): Illuminate\\Foundation\\Http\\Middleware\\TrimStrings->handle(Object(Illuminate\\Http\\Request), Object(Closure))
#55 /home/reasnovynt/Projects/apps/getwristpain/internara/vendor/laravel/framework/src/Illuminate/Http/Middleware/ValidatePostSize.php(27): Illuminate\\Pipeline\\Pipeline->{closure:{closure:Illuminate\\Pipeline\\Pipeline::carry():184}:185}(Object(Illuminate\\Http\\Request))
#56 /home/reasnovynt/Projects/apps/getwristpain/internara/vendor/laravel/framework/src/Illuminate/Pipeline/Pipeline.php(209): Illuminate\\Http\\Middleware\\ValidatePostSize->handle(Object(Illuminate\\Http\\Request), Object(Closure))
#57 /home/reasnovynt/Projects/apps/getwristpain/internara/vendor/laravel/framework/src/Illuminate/Foundation/Http/Middleware/PreventRequestsDuringMaintenance.php(110): Illuminate\\Pipeline\\Pipeline->{closure:{closure:Illuminate\\Pipeline\\Pipeline::carry():184}:185}(Object(Illuminate\\Http\\Request))
#58 /home/reasnovynt/Projects/apps/getwristpain/internara/vendor/laravel/framework/src/Illuminate/Pipeline/Pipeline.php(209): Illuminate\\Foundation\\Http\\Middleware\\PreventRequestsDuringMaintenance->handle(Object(Illuminate\\Http\\Request), Object(Closure))
#59 /home/reasnovynt/Projects/apps/getwristpain/internara/vendor/laravel/framework/src/Illuminate/Http/Middleware/HandleCors.php(49): Illuminate\\Pipeline\\Pipeline->{closure:{closure:Illuminate\\Pipeline\\Pipeline::carry():184}:185}(Object(Illuminate\\Http\\Request))
#60 /home/reasnovynt/Projects/apps/getwristpain/internara/vendor/laravel/framework/src/Illuminate/Pipeline/Pipeline.php(209): Illuminate\\Http\\Middleware\\HandleCors->handle(Object(Illuminate\\Http\\Request), Object(Closure))
#61 /home/reasnovynt/Projects/apps/getwristpain/internara/vendor/laravel/framework/src/Illuminate/Http/Middleware/TrustProxies.php(58): Illuminate\\Pipeline\\Pipeline->{closure:{closure:Illuminate\\Pipeline\\Pipeline::carry():184}:185}(Object(Illuminate\\Http\\Request))
#62 /home/reasnovynt/Projects/apps/getwristpain/internara/vendor/laravel/framework/src/Illuminate/Pipeline/Pipeline.php(209): Illuminate\\Http\\Middleware\\TrustProxies->handle(Object(Illuminate\\Http\\Request), Object(Closure))
#63 /home/reasnovynt/Projects/apps/getwristpain/internara/vendor/laravel/framework/src/Illuminate/Foundation/Http/Middleware/InvokeDeferredCallbacks.php(22): Illuminate\\Pipeline\\Pipeline->{closure:{closure:Illuminate\\Pipeline\\Pipeline::carry():184}:185}(Object(Illuminate\\Http\\Request))
#64 /home/reasnovynt/Projects/apps/getwristpain/internara/vendor/laravel/framework/src/Illuminate/Pipeline/Pipeline.php(209): Illuminate\\Foundation\\Http\\Middleware\\InvokeDeferredCallbacks->handle(Object(Illuminate\\Http\\Request), Object(Closure))
#65 /home/reasnovynt/Projects/apps/getwristpain/internara/vendor/laravel/framework/src/Illuminate/Pipeline/Pipeline.php(127): Illuminate\\Pipeline\\Pipeline->{closure:{closure:Illuminate\\Pipeline\\Pipeline::carry():184}:185}(Object(Illuminate\\Http\\Request))
#66 /home/reasnovynt/Projects/apps/getwristpain/internara/vendor/laravel/framework/src/Illuminate/Foundation/Http/Kernel.php(176): Illuminate\\Pipeline\\Pipeline->then(Object(Closure))
#67 /home/reasnovynt/Projects/apps/getwristpain/internara/vendor/laravel/framework/src/Illuminate/Foundation/Http/Kernel.php(145): Illuminate\\Foundation\\Http\\Kernel->sendRequestThroughRouter(Object(Illuminate\\Http\\Request))
#68 /home/reasnovynt/Projects/apps/getwristpain/internara/vendor/laravel/framework/src/Illuminate/Foundation/Application.php(1220): Illuminate\\Foundation\\Http\\Kernel->handle(Object(Illuminate\\Http\\Request))
#69 /home/reasnovynt/Projects/apps/getwristpain/internara/public/index.php(17): Illuminate\\Foundation\\Application->handleRequest(Object(Illuminate\\Http\\Request))
#70 /home/reasnovynt/Projects/apps/getwristpain/internara/vendor/laravel/framework/src/Illuminate/Foundation/resources/server.php(23): require_once('/home/reasnovyn...')
#71 {main}
"} 
